Update: 3726963969
Update: 1336298313
Update: 3499958101
Update: 4262015445
Update: 3895204724
Update: 2160353224
Update: 4074511969
Update: 1732392560
Update: 1382318112
Update: 2378190569
Update: 1804657248
Update: 2836284925
Update: 1409892883
Update: 503717178
Update: 147896577
Update: 1242292045
Update: 810275760
Update: 2859123486
Update: 2696724702
Update: 3953675304
Update: 92931887
Update: 927397635
Update: 2586959856
Update: 2538360119
Update: 2954009385
Update: 541307398
Update: 679359156
Update: 2781441457
Update: 2876739661
Update: 274565436
Update: 1972428559
Update: 2990026008
Update: 3570519392
Update: 3108947676
Update: 58112328
Update: 3275151096
Update: 621439250
Update: 2576985550
Update: 3468928905
Update: 4231408778
Update: 1398149854
Update: 3839262970
Update: 3660320053
Update: 972260316
Update: 3966820271
Update: 2326745462
Update: 3783235239
Update: 3991349722
Update: 2029876572
Update: 2088395336
Update: 93778704
Update: 1313258690
Update: 1757838853
Update: 4010251375
Update: 283823895
Update: 2322526260
Update: 3984174324
Update: 1666105427
Update: 2403009572
Update: 1577282443
Update: 4136102307
Update: 1660168689
Update: 4234179054
Update: 1398193086
Update: 735337876
Update: 3744859955
Update: 279371565
Update: 3660602153
Update: 4273048305
Update: 3519890758
Update: 4140911935
Update: 1256188924
Update: 566507328
Update: 127385492
Update: 1009311292
Update: 3271314025
Update: 1628068683
Update: 301412780
Update: 199331168
Update: 987359128
Update: 2789046539
Update: 1914969366
Update: 671108683
Update: 4187471615
Update: 2942383030
Update: 1798979640
Update: 3988619954
Update: 880696617
Update: 3940583759
Update: 1010414667
Update: 3418121958
Update: 2723637181
Update: 2321843046
Update: 2168219482
Update: 3309063445
Update: 1900490669
Update: 2453108562
Update: 3134087530
Update: 3114723417
Update: 662446011
Update: 3021096948
Update: 2847825473
Update: 3209255223
Update: 1187238508
Update: 1740685044
Update: 945380114
Update: 4235428044
Update: 733871722
Update: 2882075198
